----------------------------------------------------------------
Tue Oct 03 08:50:42 UTC 2017:
Booting Derby version The Apache Software Foundation - Apache Derby - 10.11.1.1 - (1616546): instance a816c00e-015e-e16e-17a6-000006b3e300 
on database directory memory:/mnt/kms/derbyDB with class loader sun.misc.Launcher$AppClassLoader@135fbaa4 
Loaded from file:/root/.m2/repository/org/apache/derby/derby/10.11.1.1/derby-10.11.1.1.jar
java.vendor=Oracle Corporation
java.runtime.version=1.8.0_141-8u141-b15-1~deb9u1-b15
user.dir=/mnt/kms
os.name=Linux
os.arch=amd64
os.version=4.4.0-96-generic
derby.system.home=null
Database Class Loader started - derby.database.classpath=''
----------------------------------------------------------------
Tue Oct 03 08:50:45 UTC 2017:
Shutting down instance a816c00e-015e-e16e-17a6-000006b3e300 on database directory memory:/mnt/kms/derbyDB with class loader sun.misc.Launcher$AppClassLoader@135fbaa4 
----------------------------------------------------------------
Tue Oct 03 08:50:45 UTC 2017:
Booting Derby version The Apache Software Foundation - Apache Derby - 10.11.1.1 - (1616546): instance 5bd340ca-015e-e16e-17a6-000006b3e300 
on database directory memory:/mnt/kms/derbyDB with class loader sun.misc.Launcher$AppClassLoader@135fbaa4 
Loaded from file:/root/.m2/repository/org/apache/derby/derby/10.11.1.1/derby-10.11.1.1.jar
java.vendor=Oracle Corporation
java.runtime.version=1.8.0_141-8u141-b15-1~deb9u1-b15
user.dir=/mnt/kms
os.name=Linux
os.arch=amd64
os.version=4.4.0-96-generic
derby.system.home=null
Database Class Loader started - derby.database.classpath=''
----------------------------------------------------------------
Tue Oct 03 08:50:46 UTC 2017:
Shutting down instance 5bd340ca-015e-e16e-17a6-000006b3e300 on database directory memory:/mnt/kms/derbyDB with class loader sun.misc.Launcher$AppClassLoader@135fbaa4 
